🏀 PolyMix API Server
📊 Starting server at http://localhost:5001
🔄 Data refreshes every 30 seconds
📈 Paper Trading Active
 * Serving Flask app 'api'
 * Debug mode: on
[31m[1mWARNING: This is a development server. Do not use it in a production deployment. Use a production WSGI server instead.[0m
 * Running on all addresses (0.0.0.0)
 * Running on http://127.0.0.1:5001
 * Running on http://10.16.84.13:5001
[33mPress CTRL+C to quit[0m
Fetching comprehensive sports data...
Fetching Kalshi markets for series KXNBAGAME...
Fetched 28 markets for series KXNBAGAME...
Fetching Polymarket events for tag 64...
Fetched 62 events for tag 64...
Fetching Polymarket events for tag 65...
Fetched 27 events for tag 65...
Fetching Polymarket events for tag 450...
Fetched 81 events for tag 450...
Fetching Polymarket events for tag 745...
Fetched 82 events for tag 745...
Fetching Polymarket events for tag 899...
Fetched 100 events for tag 899...
Fetched 200 events for tag 899...
Fetched 213 events for tag 899...
Fetching Polymarket events for tag 100350...
Fetched 100 events for tag 100350...
Fetched 200 events for tag 100350...
Fetched 300 events for tag 100350...
Fetched 400 events for tag 100350...
Fetched 500 events for tag 100350...
Fetching Polymarket events for tag 102366...
Fetched 5 events for tag 102366...
Fetching Polymarket events for tag 100780...
Fetched 9 events for tag 100780...
Fetching Polymarket events for tag 101672...
Fetched 6 events for tag 101672...
Fetching Polymarket events for tag 101673...
Fetching Polymarket events for tag 101674...
Fetching Polymarket events for tag 102367...
Fetching Polymarket events for tag 102368...
Fetched 77 events for tag 102368...
Fetching Polymarket events for tag 102369...
Fetching Polymarket events for tag 102370...
Fetched 1 events for tag 102370...
Fetching Polymarket events for tag 102371...
Fetching Polymarket events for tag 102372...
Fetched 1 events for tag 102372...
Fetching Polymarket events for tag 102373...
Fetching Polymarket events for tag 102374...
Fetching Polymarket events for tag 102375...
Fetching Polymarket events for tag 102376...
Fetching Polymarket events for tag 103000...
Fetching Polymarket events for tag 103001...
Total Polymarket games collected: 327
Fetching Kalshi markets for series KXNBAGAME...
Fetched 28 markets for series KXNBAGAME...
Fetching Kalshi markets for series KXNBA...
Fetched 30 markets for series KXNBA...
Fetching Kalshi markets for series KXNFLGAME...
Fetched 60 markets for series KXNFLGAME...
Fetching Kalshi markets for series KXNFL...
Fetching Kalshi markets for series KXNFLSPREAD...
Fetched 100 markets for series KXNFLSPREAD...
Fetched 200 markets for series KXNFLSPREAD...
Fetched 300 markets for series KXNFLSPREAD...
Fetched 400 markets for series KXNFLSPREAD...
Fetched 471 markets for series KXNFLSPREAD...
Fetching Kalshi markets for series KXNFLML...
Fetching Kalshi markets for series KXNHLGAME...
Fetched 40 markets for series KXNHLGAME...
Fetching Kalshi markets for series KXNHL...
Fetched 32 markets for series KXNHL...
Fetching Kalshi markets for series KXUHFH...
Fetching Kalshi markets for series KXSOCCER...
Fetching Kalshi markets for series KXEPLGAME...
Fetched 81 markets for series KXEPLGAME...
Fetching Kalshi markets for series KXUCLGAME...
Fetching Kalshi markets for series KXUELGAME...
Fetching Kalshi markets for series KXSOCCERGAME...
Fetching Kalshi markets for series KXLALIGA...
Fetched 20 markets for series KXLALIGA...
Fetching Kalshi markets for series KXFAWC...
Fetching Kalshi markets for series KXWNBA...
Fetching Kalshi markets for series KXWNFL...
Fetching Kalshi markets for series KXCOLLEGEFB...
Fetching Kalshi markets for series KXCOLLEGEBB...
Fetching Kalshi markets for series KXCOLLEGEHOOPS...
Fetching Kalshi markets for series KXCRICKET...
Fetching Kalshi markets for series KXRUGBY...
Fetching Kalshi markets for series KXTENNIS...
Fetching Kalshi markets for series KXGOLF...
Fetching Kalshi markets for series KXBOXING...
Fetched 2 markets for series KXBOXING...
Fetching Kalshi markets for series KXUFC...
Fetching Kalshi markets for series KXESPORTS...
Fetching Kalshi markets for series KXCS2...
Fetched 8 markets for series KXCS2...
Fetching Kalshi markets for series KXDOTA...
Fetching Kalshi markets for series KXVALORANT...
Found 327 Polymarket games and 14 Kalshi games
Successfully matched 14 games
⚠️ Requirements not met yet: 14/10 matches, 0/5 arbs
📊 Interim stats: 14 matched, 0 arbs, 0 tradable
🔍 Expanding dataset with priority sports feeds...
Fetching Polymarket events for tag 745...
Fetched 82 events for tag 745...
Fetching Kalshi markets for series KXNBAGAME...
Fetched 28 markets for series KXNBAGAME...
Fetching Polymarket events for tag 450...
Fetched 81 events for tag 450...
Could not map teams: LAR vs Cardinals
Fetching Kalshi markets for series KXNFLGAME...
Fetched 60 markets for series KXNFLGAME...
Fetching Polymarket events for tag 899...
Fetched 100 events for tag 899...
Fetched 200 events for tag 899...
Fetched 213 events for tag 899...
Fetching Kalshi markets for series KXNHLGAME...
Fetched 40 markets for series KXNHLGAME...
Fetching Polymarket events for tag 82...
Fetched 44 events for tag 82...
Fetching Polymarket events for tag 780...
Fetched 47 events for tag 780...
Fetching Polymarket events for tag 1494...
Fetched 40 events for tag 1494...
Fetching Polymarket events for tag 1234...
Fetched 4 events for tag 1234...
Fetching Polymarket events for tag 101787...
Fetched 36 events for tag 101787...
Fetching Kalshi markets for series KXSOCCER...
Fetching Kalshi markets for series KXEPLGAME...
Fetched 81 markets for series KXEPLGAME...
Fetching Kalshi markets for series KXUCLGAME...
Fetching Kalshi markets for series KXUELGAME...
Fetching Kalshi markets for series KXSOCCERGAME...
Successfully matched 71 games
✅ Requirements met: 71 matches, 21 arb opportunities
📊 Interim stats: 71 matched, 21 arbs, 20 tradable
✅ Requirements met after 2 iterations: 71 matched, 21 arbs
✅ Using 571 homepage_games from all_sports_data
Processing 571 games for arbitrage opportunities...
Games by sport (after dedup): {'SOCCER': 28, 'NHL': 192, 'OTHER': 275, 'NFL': 29, 'CS2': 9, 'DOTA2': 5, 'VALORANT': 7, 'LOL': 26}
Tradable markets (ROI>0 after fees): 21 / 571
Filtered markets (first 5): ['Titans@49ers[OTHER]', 'Titans@49ers[NFL]', 'Chargers@Chiefs[OTHER]', 'Chargers@Chiefs[NFL]', 'Arsenal@Wolverhampton Wanderers[SOCCER]']
❌ No arb for Chelsea vs Everton (SOCCER): Market already traded (duplicate trade prevention)
❌ No arb for Liverpool vs Brighton & Hove Albion (SOCCER): Market already traded (duplicate trade prevention)
❌ No arb for Burnley vs Fulham (SOCCER): Market already traded (duplicate trade prevention)
❌ No arb for Sabres vs Jets (NHL): Market already traded (duplicate trade prevention)
❌ No arb for Brighton vs West Ham (SOCCER): Market already traded (duplicate trade prevention)
📊 Checked 21 tradable games without execution. Reasons: {'Market already traded (duplicate trade prevention)': 20, 'ROI (4.21%) below threshold (5.0%)': 1}
Checking paper trading settlements...
Fetching comprehensive sports data...
Fetching Kalshi markets for series KXNBAGAME...
Fetched 28 markets for series KXNBAGAME...
Fetching Polymarket events for tag 64...
Fetched 61 events for tag 64...
Fetching Polymarket events for tag 65...
Fetched 27 events for tag 65...
Fetching Polymarket events for tag 450...
Fetched 81 events for tag 450...
Fetching Polymarket events for tag 745...
Fetched 82 events for tag 745...
Fetching Polymarket events for tag 899...
Fetched 100 events for tag 899...
Fetched 200 events for tag 899...
Fetched 213 events for tag 899...
Fetching Polymarket events for tag 100350...
Fetched 100 events for tag 100350...
Fetched 200 events for tag 100350...
Fetched 300 events for tag 100350...
Fetched 400 events for tag 100350...
Fetched 500 events for tag 100350...
Fetching Polymarket events for tag 102366...
Fetching comprehensive sports data...
Fetching Kalshi markets for series KXNBAGAME...
Fetched 5 events for tag 102366...
Fetching Polymarket events for tag 100780...
Fetched 28 markets for series KXNBAGAME...
Fetching Polymarket events for tag 64...
Fetched 9 events for tag 100780...
Fetching Polymarket events for tag 101672...
Fetched 6 events for tag 101672...
Fetching Polymarket events for tag 101673...
Fetched 61 events for tag 64...
Fetching Polymarket events for tag 65...
Fetching Polymarket events for tag 101674...
Fetched 27 events for tag 65...
Fetching Polymarket events for tag 450...
Fetching Polymarket events for tag 102367...
Fetching Polymarket events for tag 102368...
Fetched 77 events for tag 102368...
Fetching Polymarket events for tag 102369...
Fetched 81 events for tag 450...
Fetching Polymarket events for tag 745...
Fetching Polymarket events for tag 102370...
Fetched 1 events for tag 102370...
Fetching Polymarket events for tag 102371...
Fetching Polymarket events for tag 102372...
Fetched 1 events for tag 102372...
Fetching Polymarket events for tag 102373...
Fetching Polymarket events for tag 102374...
Fetched 82 events for tag 745...
Fetching Polymarket events for tag 899...
Fetching Polymarket events for tag 102375...
Fetching Polymarket events for tag 102376...
Fetching Polymarket events for tag 103000...
Fetching Polymarket events for tag 103001...
Fetched 100 events for tag 899...
Total Polymarket games collected: 326
Fetching Kalshi markets for series KXNBAGAME...
Fetched 28 markets for series KXNBAGAME...
Fetching Kalshi markets for series KXNBA...
Fetched 30 markets for series KXNBA...
Fetching Kalshi markets for series KXNFLGAME...
Fetched 60 markets for series KXNFLGAME...
Fetching Kalshi markets for series KXNFL...
Fetching Kalshi markets for series KXNFLSPREAD...
Fetched 100 markets for series KXNFLSPREAD...
Fetched 200 markets for series KXNFLSPREAD...
Fetched 200 events for tag 899...
Fetched 300 markets for series KXNFLSPREAD...
Fetched 400 markets for series KXNFLSPREAD...
Fetched 471 markets for series KXNFLSPREAD...
Fetching Kalshi markets for series KXNFLML...
Fetched 213 events for tag 899...
Fetching Polymarket events for tag 100350...
Fetching Kalshi markets for series KXNHLGAME...
Fetched 40 markets for series KXNHLGAME...
Fetching Kalshi markets for series KXNHL...
Fetched 32 markets for series KXNHL...
Fetching Kalshi markets for series KXUHFH...
Fetching Kalshi markets for series KXSOCCER...
Fetching Kalshi markets for series KXEPLGAME...
Fetched 81 markets for series KXEPLGAME...
Fetching Kalshi markets for series KXUCLGAME...
Fetching Kalshi markets for series KXUELGAME...
Fetching Kalshi markets for series KXSOCCERGAME...
Fetching Kalshi markets for series KXLALIGA...
Fetched 20 markets for series KXLALIGA...
Fetching Kalshi markets for series KXFAWC...
Fetching Kalshi markets for series KXWNBA...
Fetching Kalshi markets for series KXWNFL...
Fetching Kalshi markets for series KXCOLLEGEFB...
Fetching Kalshi markets for series KXCOLLEGEBB...
Fetching Kalshi markets for series KXCOLLEGEHOOPS...
Fetching Kalshi markets for series KXCRICKET...
Fetching Kalshi markets for series KXRUGBY...
Fetching Kalshi markets for series KXTENNIS...
Fetching Kalshi markets for series KXGOLF...
Fetching Kalshi markets for series KXBOXING...
Fetched 100 events for tag 100350...
Fetched 2 markets for series KXBOXING...
Fetching Kalshi markets for series KXUFC...
Fetching Kalshi markets for series KXESPORTS...
Fetching Kalshi markets for series KXCS2...
Fetched 8 markets for series KXCS2...
Fetching Kalshi markets for series KXDOTA...
Fetching Kalshi markets for series KXVALORANT...
Found 326 Polymarket games and 14 Kalshi games
Successfully matched 14 games
⚠️ Requirements not met yet: 14/10 matches, 0/5 arbs
📊 Interim stats: 14 matched, 0 arbs, 0 tradable
🔍 Expanding dataset with priority sports feeds...
Fetching Polymarket events for tag 745...
Fetched 200 events for tag 100350...
Fetched 300 events for tag 100350...
Fetched 82 events for tag 745...
Fetching Kalshi markets for series KXNBAGAME...
Fetched 28 markets for series KXNBAGAME...
Fetching Polymarket events for tag 450...
Fetched 400 events for tag 100350...
Fetched 81 events for tag 450...
Could not map teams: LAR vs Cardinals
Fetching Kalshi markets for series KXNFLGAME...
Fetched 500 events for tag 100350...
Fetching Polymarket events for tag 102366...
Fetched 60 markets for series KXNFLGAME...
Fetching Polymarket events for tag 899...
Fetched 5 events for tag 102366...
Fetching Polymarket events for tag 100780...
Fetched 9 events for tag 100780...
Fetching Polymarket events for tag 101672...
Fetched 6 events for tag 101672...
Fetching Polymarket events for tag 101673...
Fetched 100 events for tag 899...
Fetching Polymarket events for tag 101674...
Fetching Polymarket events for tag 102367...
Fetched 200 events for tag 899...
Fetching Polymarket events for tag 102368...
Fetched 213 events for tag 899...
Fetching Kalshi markets for series KXNHLGAME...
Fetched 77 events for tag 102368...
Fetching Polymarket events for tag 102369...
Fetched 40 markets for series KXNHLGAME...
Fetching Polymarket events for tag 82...
Fetching Polymarket events for tag 102370...
Fetched 1 events for tag 102370...
Fetching Polymarket events for tag 102371...
Fetching Polymarket events for tag 102372...
Fetched 1 events for tag 102372...
Fetching Polymarket events for tag 102373...
Fetched 44 events for tag 82...
Fetching Polymarket events for tag 780...
Fetching Polymarket events for tag 102374...
Fetching Polymarket events for tag 102375...
Fetching Polymarket events for tag 102376...
Fetching Polymarket events for tag 103000...
Fetching Polymarket events for tag 103001...
Total Polymarket games collected: 326
Fetching Kalshi markets for series KXNBAGAME...
Fetched 47 events for tag 780...
Fetching Polymarket events for tag 1494...
Fetched 28 markets for series KXNBAGAME...
Fetching Kalshi markets for series KXNBA...
Fetched 30 markets for series KXNBA...
Fetching Kalshi markets for series KXNFLGAME...
Fetched 60 markets for series KXNFLGAME...
Fetching Kalshi markets for series KXNFL...
Fetching Kalshi markets for series KXNFLSPREAD...
Fetched 100 markets for series KXNFLSPREAD...
Fetched 200 markets for series KXNFLSPREAD...
Fetched 300 markets for series KXNFLSPREAD...
Fetched 400 markets for series KXNFLSPREAD...
Fetched 471 markets for series KXNFLSPREAD...
Fetching Kalshi markets for series KXNFLML...
Fetched 40 events for tag 1494...
Fetching Polymarket events for tag 1234...
Fetching Kalshi markets for series KXNHLGAME...
Fetched 40 markets for series KXNHLGAME...
Fetching Kalshi markets for series KXNHL...
Fetched 32 markets for series KXNHL...
Fetching Kalshi markets for series KXUHFH...
Fetching Kalshi markets for series KXSOCCER...
Fetching Kalshi markets for series KXEPLGAME...
Fetched 81 markets for series KXEPLGAME...
Fetching Kalshi markets for series KXUCLGAME...
Fetching Kalshi markets for series KXUELGAME...
Fetching Kalshi markets for series KXSOCCERGAME...
Fetched 4 events for tag 1234...
Fetching Polymarket events for tag 101787...
Fetching Kalshi markets for series KXLALIGA...
Fetched 20 markets for series KXLALIGA...
Fetching Kalshi markets for series KXFAWC...
Fetching Kalshi markets for series KXWNBA...
Fetching Kalshi markets for series KXWNFL...
Fetching Kalshi markets for series KXCOLLEGEFB...
Fetching Kalshi markets for series KXCOLLEGEBB...
Fetching Kalshi markets for series KXCOLLEGEHOOPS...
Fetched 36 events for tag 101787...
Fetching Kalshi markets for series KXSOCCER...
Fetching Kalshi markets for series KXCRICKET...
Fetching Kalshi markets for series KXRUGBY...
Fetching Kalshi markets for series KXEPLGAME...
Fetching Kalshi markets for series KXTENNIS...
Fetching Kalshi markets for series KXGOLF...
Fetched 81 markets for series KXEPLGAME...
Fetching Kalshi markets for series KXUCLGAME...
Fetching Kalshi markets for series KXBOXING...
Fetching Kalshi markets for series KXUELGAME...
Fetched 2 markets for series KXBOXING...
Fetching Kalshi markets for series KXUFC...
Fetching Kalshi markets for series KXSOCCERGAME...
Fetching Kalshi markets for series KXESPORTS...
Fetching Kalshi markets for series KXCS2...
Fetched 8 markets for series KXCS2...
Fetching Kalshi markets for series KXDOTA...
Fetching Kalshi markets for series KXVALORANT...
Found 326 Polymarket games and 14 Kalshi games
Successfully matched 14 games
⚠️ Requirements not met yet: 14/10 matches, 0/5 arbs
📊 Interim stats: 14 matched, 0 arbs, 0 tradable
🔍 Expanding dataset with priority sports feeds...
Fetching Polymarket events for tag 745...
Successfully matched 71 games
✅ Requirements met: 71 matches, 21 arb opportunities
📊 Interim stats: 71 matched, 21 arbs, 20 tradable
✅ Requirements met after 2 iterations: 71 matched, 21 arbs127.0.0.1 - - [03/Dec/2025 15:35:40] "GET /api/odds/all-sports HTTP/1.1" 200 -

✅ Using 570 homepage_games from all_sports_data
Processing 570 games for arbitrage opportunities...
Games by sport (after dedup): {'SOCCER': 28, 'NHL': 192, 'OTHER': 275, 'NFL': 29, 'CS2': 9, 'DOTA2': 5, 'VALORANT': 6, 'LOL': 26}
Tradable markets (ROI>0 after fees): 21 / 570
Filtered markets (first 5): ['Titans@49ers[OTHER]', 'Titans@49ers[NFL]', 'Chargers@Chiefs[OTHER]', 'Chargers@Chiefs[NFL]', 'Arsenal@Wolverhampton Wanderers[SOCCER]']
❌ No arb for Chelsea vs Everton (SOCCER): Market already traded (duplicate trade prevention)
❌ No arb for Liverpool vs Brighton & Hove Albion (SOCCER): Market already traded (duplicate trade prevention)
❌ No arb for Burnley vs Fulham (SOCCER): Market already traded (duplicate trade prevention)
❌ No arb for Sabres vs Jets (NHL): Market already traded (duplicate trade prevention)
❌ No arb for Brighton vs West Ham (SOCCER): Market already traded (duplicate trade prevention)
📊 Checked 21 tradable games without execution. Reasons: {'Market already traded (duplicate trade prevention)': 20, 'ROI (4.21%) below threshold (5.0%)': 1}
Fetched 82 events for tag 745...
Fetching Kalshi markets for series KXNBAGAME...
Fetched 28 markets for series KXNBAGAME...
Fetching Polymarket events for tag 450...
Fetched 81 events for tag 450...
Could not map teams: LAR vs Cardinals
Fetching Kalshi markets for series KXNFLGAME...
Fetched 60 markets for series KXNFLGAME...
Fetching Polymarket events for tag 899...
Fetched 100 events for tag 899...
Fetched 200 events for tag 899...
Fetched 213 events for tag 899...
Fetching Kalshi markets for series KXNHLGAME...
Fetched 40 markets for series KXNHLGAME...
Fetching Polymarket events for tag 82...
Fetched 44 events for tag 82...
Fetching Polymarket events for tag 780...
Fetched 47 events for tag 780...
Fetching Polymarket events for tag 1494...
Fetched 40 events for tag 1494...
Fetching Polymarket events for tag 1234...
Fetched 4 events for tag 1234...
Fetching Polymarket events for tag 101787...
Fetched 36 events for tag 101787...
Fetching Kalshi markets for series KXSOCCER...
Fetching Kalshi markets for series KXEPLGAME...
Fetched 81 markets for series KXEPLGAME...
Fetching Kalshi markets for series KXUCLGAME...
Fetching Kalshi markets for series KXUELGAME...
Fetching Kalshi markets for series KXSOCCERGAME...
Successfully matched 71 games
✅ Requirements met: 71 matches, 21 arb opportunities
📊 Interim stats: 71 matched, 21 arbs, 20 tradable
✅ Requirements met after 2 iterations: 71 matched, 21 arbs
Fetching comprehensive sports data...
Fetching Kalshi markets for series KXNBAGAME...
Fetched 28 markets for series KXNBAGAME...
Fetching Polymarket events for tag 64...
Fetched 61 events for tag 64...
Fetching Polymarket events for tag 65...
Fetched 27 events for tag 65...
Fetching Polymarket events for tag 450...
Fetched 81 events for tag 450...
Fetching Polymarket events for tag 745...
Fetched 82 events for tag 745...
Fetching Polymarket events for tag 899...
Fetched 100 events for tag 899...
Fetched 200 events for tag 899...
Fetched 213 events for tag 899...
Fetching Polymarket events for tag 100350...
Fetched 100 events for tag 100350...
Fetched 200 events for tag 100350...
Fetched 300 events for tag 100350...
Fetched 400 events for tag 100350...
Fetched 500 events for tag 100350...
Fetching Polymarket events for tag 102366...
Fetched 5 events for tag 102366...
Fetching Polymarket events for tag 100780...
Fetched 9 events for tag 100780...
Fetching Polymarket events for tag 101672...
Fetched 6 events for tag 101672...
Fetching Polymarket events for tag 101673...
Fetching Polymarket events for tag 101674...
Fetching Polymarket events for tag 102367...
Fetching Polymarket events for tag 102368...
Fetched 77 events for tag 102368...
Fetching Polymarket events for tag 102369...
Fetching Polymarket events for tag 102370...
Fetched 1 events for tag 102370...
Fetching Polymarket events for tag 102371...
Fetching Polymarket events for tag 102372...
Fetched 1 events for tag 102372...
Fetching Polymarket events for tag 102373...
Fetching Polymarket events for tag 102374...
Fetching Polymarket events for tag 102375...
Fetching Polymarket events for tag 102376...
Fetching Polymarket events for tag 103000...
Fetching Polymarket events for tag 103001...
Total Polymarket games collected: 326
Fetching Kalshi markets for series KXNBAGAME...
Fetched 28 markets for series KXNBAGAME...
Fetching Kalshi markets for series KXNBA...
Fetched 30 markets for series KXNBA...
Fetching Kalshi markets for series KXNFLGAME...
Fetched 60 markets for series KXNFLGAME...
Fetching Kalshi markets for series KXNFL...
Fetching Kalshi markets for series KXNFLSPREAD...
Fetched 100 markets for series KXNFLSPREAD...
Fetched 200 markets for series KXNFLSPREAD...
Fetched 300 markets for series KXNFLSPREAD...
Fetched 400 markets for series KXNFLSPREAD...
Fetched 471 markets for series KXNFLSPREAD...
Fetching Kalshi markets for series KXNFLML...
Fetching Kalshi markets for series KXNHLGAME...
Fetched 40 markets for series KXNHLGAME...
Fetching Kalshi markets for series KXNHL...
Fetched 32 markets for series KXNHL...
Fetching Kalshi markets for series KXUHFH...
Fetching Kalshi markets for series KXSOCCER...
Fetching Kalshi markets for series KXEPLGAME...
Fetched 81 markets for series KXEPLGAME...
Fetching Kalshi markets for series KXUCLGAME...
Fetching Kalshi markets for series KXUELGAME...
Fetching Kalshi markets for series KXSOCCERGAME...
Fetching Kalshi markets for series KXLALIGA...
Fetched 20 markets for series KXLALIGA...
Fetching Kalshi markets for series KXFAWC...
Fetching Kalshi markets for series KXWNBA...
Fetching Kalshi markets for series KXWNFL...
Fetching Kalshi markets for series KXCOLLEGEFB...
Fetching Kalshi markets for series KXCOLLEGEBB...
Fetching Kalshi markets for series KXCOLLEGEHOOPS...
Fetching Kalshi markets for series KXCRICKET...
Fetching Kalshi markets for series KXRUGBY...
Fetching Kalshi markets for series KXTENNIS...
Fetching Kalshi markets for series KXGOLF...
Fetching Kalshi markets for series KXBOXING...
Fetched 2 markets for series KXBOXING...
Fetching Kalshi markets for series KXUFC...
Fetching Kalshi markets for series KXESPORTS...
Fetching Kalshi markets for series KXCS2...
Fetched 8 markets for series KXCS2...
Fetching Kalshi markets for series KXDOTA...
Fetching Kalshi markets for series KXVALORANT...
Found 326 Polymarket games and 14 Kalshi games
Successfully matched 14 games
⚠️ Requirements not met yet: 14/10 matches, 0/5 arbs
📊 Interim stats: 14 matched, 0 arbs, 0 tradable
🔍 Expanding dataset with priority sports feeds...
Fetching Polymarket events for tag 745...
Fetched 82 events for tag 745...
Fetching Kalshi markets for series KXNBAGAME...
Fetched 28 markets for series KXNBAGAME...
Fetching Polymarket events for tag 450...
Fetched 81 events for tag 450...
Could not map teams: LAR vs Cardinals
Fetching Kalshi markets for series KXNFLGAME...
Fetched 60 markets for series KXNFLGAME...
Fetching Polymarket events for tag 899...
Fetched 100 events for tag 899...
Fetched 200 events for tag 899...
Fetched 213 events for tag 899...
Fetching Kalshi markets for series KXNHLGAME...
Fetched 40 markets for series KXNHLGAME...
Fetching Polymarket events for tag 82...
Fetched 44 events for tag 82...
Fetching Polymarket events for tag 780...
Fetched 47 events for tag 780...
Fetching Polymarket events for tag 1494...
Fetched 40 events for tag 1494...
Fetching Polymarket events for tag 1234...
Fetched 4 events for tag 1234...
Fetching Polymarket events for tag 101787...
Fetched 36 events for tag 101787...
Fetching Kalshi markets for series KXSOCCER...
Fetching Kalshi markets for series KXEPLGAME...
Fetched 81 markets for series KXEPLGAME...
Fetching Kalshi markets for series KXUCLGAME...
Fetching Kalshi markets for series KXUELGAME...
Fetching Kalshi markets for series KXSOCCERGAME...
Successfully matched 71 games
✅ Requirements met: 71 matches, 21 arb opportunities
📊 Interim stats: 71 matched, 21 arbs, 20 tradable
✅ Requirements met after 2 iterations: 71 matched, 21 arbs
✅ Using 570 homepage_games from all_sports_data
Processing 570 games for arbitrage opportunities...
Games by sport (after dedup): {'SOCCER': 28, 'NHL': 192, 'OTHER': 275, 'NFL': 29, 'CS2': 9, 'DOTA2': 5, 'VALORANT': 6, 'LOL': 26}
Tradable markets (ROI>0 after fees): 21 / 570
Filtered markets (first 5): ['Titans@49ers[OTHER]', 'Titans@49ers[NFL]', 'Chargers@Chiefs[OTHER]', 'Chargers@Chiefs[NFL]', 'Arsenal@Wolverhampton Wanderers[SOCCER]']
❌ No arb for Chelsea vs Everton (SOCCER): Market already traded (duplicate trade prevention)
❌ No arb for Liverpool vs Brighton & Hove Albion (SOCCER): Market already traded (duplicate trade prevention)
❌ No arb for Burnley vs Fulham (SOCCER): Market already traded (duplicate trade prevention)
❌ No arb for Sabres vs Jets (NHL): Market already traded (duplicate trade prevention)
❌ No arb for Capitals vs Ducks (NHL): Market already traded (duplicate trade prevention)
📊 Checked 21 tradable games without execution. Reasons: {'Market already traded (duplicate trade prevention)': 20, 'ROI (4.21%) below threshold (5.0%)': 1}
Checking paper trading settlements...
Fetching comprehensive sports data...
Fetching Kalshi markets for series KXNBAGAME...
Fetched 28 markets for series KXNBAGAME...
Fetching Polymarket events for tag 64...
Fetched 61 events for tag 64...
Fetching Polymarket events for tag 65...
Fetched 27 events for tag 65...
Fetching Polymarket events for tag 450...
Fetched 81 events for tag 450...
Fetching Polymarket events for tag 745...
Fetched 82 events for tag 745...
Fetching Polymarket events for tag 899...
Fetched 100 events for tag 899...
Fetched 200 events for tag 899...
Fetched 213 events for tag 899...
Fetching Polymarket events for tag 100350...
Fetched 100 events for tag 100350...
Fetched 200 events for tag 100350...
Fetched 300 events for tag 100350...
Fetched 400 events for tag 100350...
Fetched 500 events for tag 100350...
Fetching Polymarket events for tag 102366...
Fetched 5 events for tag 102366...
Fetching Polymarket events for tag 100780...
Fetched 9 events for tag 100780...
Fetching Polymarket events for tag 101672...
Fetched 6 events for tag 101672...
Fetching Polymarket events for tag 101673...
Fetching Polymarket events for tag 101674...
Fetching Polymarket events for tag 102367...
Fetching Polymarket events for tag 102368...
Fetched 77 events for tag 102368...
Fetching Polymarket events for tag 102369...
Fetching Polymarket events for tag 102370...
Fetched 1 events for tag 102370...
Fetching Polymarket events for tag 102371...
Fetching Polymarket events for tag 102372...
Fetched 1 events for tag 102372...
Fetching Polymarket events for tag 102373...
Fetching Polymarket events for tag 102374...
Fetching Polymarket events for tag 102375...
Fetching Polymarket events for tag 102376...
Fetching Polymarket events for tag 103000...
Fetching Polymarket events for tag 103001...
Total Polymarket games collected: 326
Fetching Kalshi markets for series KXNBAGAME...
Fetched 28 markets for series KXNBAGAME...
Fetching Kalshi markets for series KXNBA...
Fetched 30 markets for series KXNBA...
Fetching Kalshi markets for series KXNFLGAME...
Fetched 60 markets for series KXNFLGAME...
Fetching Kalshi markets for series KXNFL...
Fetching Kalshi markets for series KXNFLSPREAD...
Fetched 100 markets for series KXNFLSPREAD...
Fetched 200 markets for series KXNFLSPREAD...
Fetched 300 markets for series KXNFLSPREAD...
Fetched 400 markets for series KXNFLSPREAD...
Fetched 471 markets for series KXNFLSPREAD...
Fetching Kalshi markets for series KXNFLML...
Fetching Kalshi markets for series KXNHLGAME...
Fetched 40 markets for series KXNHLGAME...
Fetching Kalshi markets for series KXNHL...
Fetched 32 markets for series KXNHL...
Fetching Kalshi markets for series KXUHFH...
Fetching Kalshi markets for series KXSOCCER...
Fetching Kalshi markets for series KXEPLGAME...
Fetched 81 markets for series KXEPLGAME...
Fetching Kalshi markets for series KXUCLGAME...
Fetching Kalshi markets for series KXUELGAME...
Fetching Kalshi markets for series KXSOCCERGAME...
Fetching Kalshi markets for series KXLALIGA...
Fetched 20 markets for series KXLALIGA...
Fetching Kalshi markets for series KXFAWC...
Fetching Kalshi markets for series KXWNBA...
Fetching Kalshi markets for series KXWNFL...
Fetching Kalshi markets for series KXCOLLEGEFB...
Fetching Kalshi markets for series KXCOLLEGEBB...
Fetching Kalshi markets for series KXCOLLEGEHOOPS...
Fetching Kalshi markets for series KXCRICKET...
Fetching Kalshi markets for series KXRUGBY...
Fetching Kalshi markets for series KXTENNIS...
Fetching Kalshi markets for series KXGOLF...
Fetching Kalshi markets for series KXBOXING...
Fetched 2 markets for series KXBOXING...
Fetching Kalshi markets for series KXUFC...
Fetching Kalshi markets for series KXESPORTS...
Fetching Kalshi markets for series KXCS2...
Fetched 8 markets for series KXCS2...
Fetching Kalshi markets for series KXDOTA...
Fetching Kalshi markets for series KXVALORANT...
Found 326 Polymarket games and 14 Kalshi games
Successfully matched 14 games
⚠️ Requirements not met yet: 14/10 matches, 0/5 arbs
📊 Interim stats: 14 matched, 0 arbs, 0 tradable
🔍 Expanding dataset with priority sports feeds...
Fetching Polymarket events for tag 745...
Fetched 82 events for tag 745...
Fetching Kalshi markets for series KXNBAGAME...
Fetched 28 markets for series KXNBAGAME...
Fetching Polymarket events for tag 450...
Fetched 81 events for tag 450...
Could not map teams: LAR vs Cardinals
Fetching Kalshi markets for series KXNFLGAME...
Fetched 60 markets for series KXNFLGAME...
Fetching Polymarket events for tag 899...
Fetched 100 events for tag 899...
Fetched 200 events for tag 899...
Fetched 213 events for tag 899...
Fetching Kalshi markets for series KXNHLGAME...
Fetched 40 markets for series KXNHLGAME...
Fetching Polymarket events for tag 82...
Fetched 44 events for tag 82...
Fetching Polymarket events for tag 780...
Fetched 47 events for tag 780...
Fetching Polymarket events for tag 1494...
Fetched 40 events for tag 1494...
Fetching Polymarket events for tag 1234...
Fetched 4 events for tag 1234...
Fetching Polymarket events for tag 101787...
Fetched 36 events for tag 101787...
Fetching Kalshi markets for series KXSOCCER...
Fetching Kalshi markets for series KXEPLGAME...
Fetched 81 markets for series KXEPLGAME...
Fetching Kalshi markets for series KXUCLGAME...
Fetching Kalshi markets for series KXUELGAME...
Fetching Kalshi markets for series KXSOCCERGAME...
Successfully matched 71 games
✅ Requirements met: 71 matches, 21 arb opportunities
📊 Interim stats: 71 matched, 21 arbs, 20 tradable
✅ Requirements met after 2 iterations: 71 matched, 21 arbs
✅ Using 570 homepage_games from all_sports_data
Processing 570 games for arbitrage opportunities...
Games by sport (after dedup): {'SOCCER': 28, 'NHL': 192, 'OTHER': 275, 'NFL': 29, 'CS2': 9, 'DOTA2': 5, 'VALORANT': 6, 'LOL': 26}
Tradable markets (ROI>0 after fees): 21 / 570
Filtered markets (first 5): ['Titans@49ers[OTHER]', 'Titans@49ers[NFL]', 'Chargers@Chiefs[OTHER]', 'Chargers@Chiefs[NFL]', 'Arsenal@Wolverhampton Wanderers[SOCCER]']
❌ No arb for Chelsea vs Everton (SOCCER): Market already traded (duplicate trade prevention)
❌ No arb for Liverpool vs Brighton & Hove Albion (SOCCER): Market already traded (duplicate trade prevention)
❌ No arb for Burnley vs Fulham (SOCCER): Market already traded (duplicate trade prevention)
❌ No arb for Sabres vs Jets (NHL): Market already traded (duplicate trade prevention)
❌ No arb for Capitals vs Ducks (NHL): Market already traded (duplicate trade prevention)
📊 Checked 21 tradable games without execution. Reasons: {'Market already traded (duplicate trade prevention)': 20, 'ROI (4.21%) below threshold (5.0%)': 1}
Fetching comprehensive sports data...
Fetching Kalshi markets for series KXNBAGAME...
Fetched 28 markets for series KXNBAGAME...
Fetching Polymarket events for tag 64...
Fetched 61 events for tag 64...
Fetching Polymarket events for tag 65...
Fetched 27 events for tag 65...
Fetching Polymarket events for tag 450...
Fetched 81 events for tag 450...
Fetching Polymarket events for tag 745...
Fetched 82 events for tag 745...
Fetching Polymarket events for tag 899...
Fetched 100 events for tag 899...
Fetched 200 events for tag 899...
Fetched 213 events for tag 899...
Fetching Polymarket events for tag 100350...
Fetched 100 events for tag 100350...
Fetched 200 events for tag 100350...
Fetched 300 events for tag 100350...
Fetched 400 events for tag 100350...
Fetched 500 events for tag 100350...
Fetching Polymarket events for tag 102366...
Fetched 5 events for tag 102366...
Fetching Polymarket events for tag 100780...
Fetched 9 events for tag 100780...
Fetching Polymarket events for tag 101672...
Fetched 6 events for tag 101672...
Fetching Polymarket events for tag 101673...
Fetching comprehensive sports data...
Fetching Kalshi markets for series KXNBAGAME...
Fetching Polymarket events for tag 101674...
Fetched 28 markets for series KXNBAGAME...
Fetching Polymarket events for tag 64...
Fetching Polymarket events for tag 102367...
Fetching Polymarket events for tag 102368...
Fetched 61 events for tag 64...
Fetching Polymarket events for tag 65...
Fetched 27 events for tag 65...
Fetching Polymarket events for tag 450...
Fetched 77 events for tag 102368...
Fetching Polymarket events for tag 102369...
Fetching Polymarket events for tag 102370...
Fetched 1 events for tag 102370...
Fetching Polymarket events for tag 102371...
Fetching Polymarket events for tag 102372...
Fetched 1 events for tag 102372...
Fetching Polymarket events for tag 102373...
Fetched 81 events for tag 450...
Fetching Polymarket events for tag 745...
Fetching Polymarket events for tag 102374...
Fetching Polymarket events for tag 102375...
Fetching Polymarket events for tag 102376...
Fetching Polymarket events for tag 103000...
Fetching Polymarket events for tag 103001...
Fetched 82 events for tag 745...
Fetching Polymarket events for tag 899...
Total Polymarket games collected: 326
Fetching Kalshi markets for series KXNBAGAME...
Fetched 28 markets for series KXNBAGAME...
Fetching Kalshi markets for series KXNBA...
Fetched 30 markets for series KXNBA...
Fetching Kalshi markets for series KXNFLGAME...
Fetched 60 markets for series KXNFLGAME...
Fetching Kalshi markets for series KXNFL...
Fetching Kalshi markets for series KXNFLSPREAD...
Fetched 100 markets for series KXNFLSPREAD...
Fetched 200 markets for series KXNFLSPREAD...
Fetched 300 markets for series KXNFLSPREAD...
Fetched 400 markets for series KXNFLSPREAD...
Fetched 100 events for tag 899...
Fetched 471 markets for series KXNFLSPREAD...
Fetching Kalshi markets for series KXNFLML...
Fetching Kalshi markets for series KXNHLGAME...
Fetched 40 markets for series KXNHLGAME...
Fetching Kalshi markets for series KXNHL...
Fetched 32 markets for series KXNHL...
Fetching Kalshi markets for series KXUHFH...
Fetching Kalshi markets for series KXSOCCER...
Fetching Kalshi markets for series KXEPLGAME...
Fetched 81 markets for series KXEPLGAME...
Fetching Kalshi markets for series KXUCLGAME...
Fetching Kalshi markets for series KXUELGAME...
Fetched 200 events for tag 899...
Fetching Kalshi markets for series KXSOCCERGAME...
Fetching Kalshi markets for series KXLALIGA...
Fetched 20 markets for series KXLALIGA...
Fetching Kalshi markets for series KXFAWC...
Fetching Kalshi markets for series KXWNBA...
Fetching Kalshi markets for series KXWNFL...
Fetched 213 events for tag 899...
Fetching Polymarket events for tag 100350...
Fetching Kalshi markets for series KXCOLLEGEFB...
Fetching Kalshi markets for series KXCOLLEGEBB...
Fetching Kalshi markets for series KXCOLLEGEHOOPS...
Fetching Kalshi markets for series KXCRICKET...
Fetching Kalshi markets for series KXRUGBY...
Fetching Kalshi markets for series KXTENNIS...
Fetching Kalshi markets for series KXGOLF...
Fetching Kalshi markets for series KXBOXING...
Fetched 2 markets for series KXBOXING...
Fetching Kalshi markets for series KXUFC...
Fetching Kalshi markets for series KXESPORTS...
Fetching Kalshi markets for series KXCS2...
Fetched 8 markets for series KXCS2...
Fetching Kalshi markets for series KXDOTA...
Fetching Kalshi markets for series KXVALORANT...
Found 326 Polymarket games and 14 Kalshi games
Successfully matched 14 games
⚠️ Requirements not met yet: 14/10 matches, 0/5 arbs
📊 Interim stats: 14 matched, 0 arbs, 0 tradable
🔍 Expanding dataset with priority sports feeds...
Fetching Polymarket events for tag 745...
Fetched 100 events for tag 100350...
Fetched 82 events for tag 745...
Fetching Kalshi markets for series KXNBAGAME...
Fetched 28 markets for series KXNBAGAME...
Fetching Polymarket events for tag 450...
Fetched 200 events for tag 100350...
Fetched 300 events for tag 100350...
Fetched 81 events for tag 450...
Could not map teams: LAR vs Cardinals
Fetching Kalshi markets for series KXNFLGAME...
Fetched 400 events for tag 100350...
Fetched 60 markets for series KXNFLGAME...
Fetching Polymarket events for tag 899...
Fetched 500 events for tag 100350...
Fetching Polymarket events for tag 102366...
Fetched 5 events for tag 102366...
Fetching Polymarket events for tag 100780...
Fetched 9 events for tag 100780...
Fetching Polymarket events for tag 101672...
Fetched 100 events for tag 899...
Fetched 6 events for tag 101672...
Fetching Polymarket events for tag 101673...
Fetching Polymarket events for tag 101674...
Fetched 200 events for tag 899...
Fetching Polymarket events for tag 102367...
Fetching Polymarket events for tag 102368...
Fetched 213 events for tag 899...
Fetching Kalshi markets for series KXNHLGAME...
Fetched 40 markets for series KXNHLGAME...
Fetching Polymarket events for tag 82...
Fetched 77 events for tag 102368...
Fetching Polymarket events for tag 102369...
Fetching Polymarket events for tag 102370...
Fetched 44 events for tag 82...
Fetching Polymarket events for tag 780...
Fetched 1 events for tag 102370...
Fetching Polymarket events for tag 102371...
Fetching Polymarket events for tag 102372...
Fetched 1 events for tag 102372...
Fetching Polymarket events for tag 102373...
Fetched 47 events for tag 780...
Fetching Polymarket events for tag 1494...
Fetching Polymarket events for tag 102374...
Fetching Polymarket events for tag 102375...
Fetching Polymarket events for tag 102376...
Fetched 40 events for tag 1494...
Fetching Polymarket events for tag 1234...
Fetching Polymarket events for tag 103000...
Fetching Polymarket events for tag 103001...
Total Polymarket games collected: 326
Fetching Kalshi markets for series KXNBAGAME...
Fetched 28 markets for series KXNBAGAME...
Fetching Kalshi markets for series KXNBA...
Fetched 4 events for tag 1234...
Fetching Polymarket events for tag 101787...
Fetched 30 markets for series KXNBA...
Fetching Kalshi markets for series KXNFLGAME...
Fetched 60 markets for series KXNFLGAME...
Fetching Kalshi markets for series KXNFL...
Fetching Kalshi markets for series KXNFLSPREAD...
Fetched 100 markets for series KXNFLSPREAD...
Fetched 200 markets for series KXNFLSPREAD...
Fetched 300 markets for series KXNFLSPREAD...
Fetched 400 markets for series KXNFLSPREAD...
Fetched 36 events for tag 101787...
Fetching Kalshi markets for series KXSOCCER...
Fetched 471 markets for series KXNFLSPREAD...
Fetching Kalshi markets for series KXNFLML...
Fetching Kalshi markets for series KXEPLGAME...
Fetching Kalshi markets for series KXNHLGAME...
Fetched 40 markets for series KXNHLGAME...
Fetching Kalshi markets for series KXNHL...
Fetched 81 markets for series KXEPLGAME...
Fetching Kalshi markets for series KXUCLGAME...
Fetched 32 markets for series KXNHL...
Fetching Kalshi markets for series KXUHFH...
Fetching Kalshi markets for series KXSOCCER...
Fetching Kalshi markets for series KXUELGAME...
Fetching Kalshi markets for series KXEPLGAME...
Fetched 81 markets for series KXEPLGAME...
Fetching Kalshi markets for series KXUCLGAME...
Fetching Kalshi markets for series KXSOCCERGAME...
Fetching Kalshi markets for series KXUELGAME...
Fetching Kalshi markets for series KXSOCCERGAME...
Fetching Kalshi markets for series KXLALIGA...
Fetched 20 markets for series KXLALIGA...
Fetching Kalshi markets for series KXFAWC...
Fetching Kalshi markets for series KXWNBA...
Fetching Kalshi markets for series KXWNFL...
Fetching Kalshi markets for series KXCOLLEGEFB...
Fetching Kalshi markets for series KXCOLLEGEBB...
Fetching Kalshi markets for series KXCOLLEGEHOOPS...
Fetching Kalshi markets for series KXCRICKET...127.0.0.1 - - [03/Dec/2025 15:37:10] "GET /api/odds/all-sports HTTP/1.1" 200 -

Fetching Kalshi markets for series KXRUGBY...
Fetching Kalshi markets for series KXTENNIS...
Fetching Kalshi markets for series KXGOLF...
Fetching Kalshi markets for series KXBOXING...
Fetched 2 markets for series KXBOXING...
Fetching Kalshi markets for series KXUFC...
Fetching Kalshi markets for series KXESPORTS...
Fetching Kalshi markets for series KXCS2...
Fetched 8 markets for series KXCS2...
Fetching Kalshi markets for series KXDOTA...
Fetching Kalshi markets for series KXVALORANT...
Found 326 Polymarket games and 14 Kalshi games
Successfully matched 71 games
✅ Requirements met: 71 matches, 21 arb opportunities
📊 Interim stats: 71 matched, 21 arbs, 20 tradable
✅ Requirements met after 2 iterations: 71 matched, 21 arbs
✅ Using 570 homepage_games from all_sports_data
Processing 570 games for arbitrage opportunities...
Games by sport (after dedup): {'SOCCER': 28, 'NHL': 192, 'OTHER': 275, 'NFL': 29, 'CS2': 9, 'DOTA2': 5, 'VALORANT': 6, 'LOL': 26}
Tradable markets (ROI>0 after fees): 21 / 570
Filtered markets (first 5): ['Titans@49ers[OTHER]', 'Titans@49ers[NFL]', 'Chargers@Chiefs[OTHER]', 'Chargers@Chiefs[NFL]', 'Arsenal@Wolverhampton Wanderers[SOCCER]']
❌ No arb for Chelsea vs Everton (SOCCER): Market already traded (duplicate trade prevention)
❌ No arb for Liverpool vs Brighton & Hove Albion (SOCCER): Market already traded (duplicate trade prevention)
❌ No arb for Burnley vs Fulham (SOCCER): Market already traded (duplicate trade prevention)
❌ No arb for Sabres vs Jets (NHL): Market already traded (duplicate trade prevention)
❌ No arb for Capitals vs Ducks (NHL): Market already traded (duplicate trade prevention)
📊 Checked 21 tradable games without execution. Reasons: {'Market already traded (duplicate trade prevention)': 20, 'ROI (4.21%) below threshold (5.0%)': 1}
Successfully matched 14 games
⚠️ Requirements not met yet: 14/10 matches, 0/5 arbs
📊 Interim stats: 14 matched, 0 arbs, 0 tradable
🔍 Expanding dataset with priority sports feeds...
Fetching Polymarket events for tag 745...
Fetched 82 events for tag 745...
Fetching Kalshi markets for series KXNBAGAME...
Fetched 28 markets for series KXNBAGAME...
Fetching Polymarket events for tag 450...
Fetched 81 events for tag 450...
Could not map teams: LAR vs Cardinals
Fetching Kalshi markets for series KXNFLGAME...
Fetched 60 markets for series KXNFLGAME...
Fetching Polymarket events for tag 899...
Fetched 100 events for tag 899...
Fetched 200 events for tag 899...
Fetched 213 events for tag 899...
Fetching Kalshi markets for series KXNHLGAME...
Fetched 40 markets for series KXNHLGAME...
Fetching Polymarket events for tag 82...
Fetched 44 events for tag 82...
Fetching Polymarket events for tag 780...
Fetched 47 events for tag 780...
Fetching Polymarket events for tag 1494...
Fetched 40 events for tag 1494...
Fetching Polymarket events for tag 1234...
Fetched 4 events for tag 1234...
Fetching Polymarket events for tag 101787...
Fetched 36 events for tag 101787...
Fetching Kalshi markets for series KXSOCCER...
Fetching Kalshi markets for series KXEPLGAME...
Fetched 81 markets for series KXEPLGAME...
Fetching Kalshi markets for series KXUCLGAME...
Fetching Kalshi markets for series KXUELGAME...
Fetching Kalshi markets for series KXSOCCERGAME...
Successfully matched 71 games
✅ Requirements met: 71 matches, 21 arb opportunities
📊 Interim stats: 71 matched, 21 arbs, 20 tradable
✅ Requirements met after 2 iterations: 71 matched, 21 arbs
Checking paper trading settlements...
Fetching comprehensive sports data...
Fetching Kalshi markets for series KXNBAGAME...
Fetched 28 markets for series KXNBAGAME...
Fetching Polymarket events for tag 64...
Fetched 61 events for tag 64...
Fetching Polymarket events for tag 65...
Fetched 27 events for tag 65...
Fetching Polymarket events for tag 450...
Fetched 81 events for tag 450...
Fetching Polymarket events for tag 745...
Fetched 82 events for tag 745...
Fetching Polymarket events for tag 899...
Fetched 100 events for tag 899...
Fetched 200 events for tag 899...
Fetched 213 events for tag 899...
Fetching Polymarket events for tag 100350...
Fetched 100 events for tag 100350...
Fetched 200 events for tag 100350...
Fetched 300 events for tag 100350...
Fetched 400 events for tag 100350...
Fetched 500 events for tag 100350...
Fetching Polymarket events for tag 102366...
Fetched 5 events for tag 102366...
Fetching Polymarket events for tag 100780...
Fetched 9 events for tag 100780...
Fetching Polymarket events for tag 101672...
Fetched 6 events for tag 101672...
Fetching Polymarket events for tag 101673...
Fetching Polymarket events for tag 101674...
Fetching Polymarket events for tag 102367...
Fetching Polymarket events for tag 102368...
Fetched 77 events for tag 102368...
Fetching Polymarket events for tag 102369...
Fetching Polymarket events for tag 102370...
Fetched 1 events for tag 102370...
Fetching Polymarket events for tag 102371...
Fetching Polymarket events for tag 102372...
Fetched 1 events for tag 102372...
Fetching Polymarket events for tag 102373...
Fetching Polymarket events for tag 102374...
Fetching Polymarket events for tag 102375...
Fetching Polymarket events for tag 102376...
Fetching Polymarket events for tag 103000...
Fetching Polymarket events for tag 103001...
Total Polymarket games collected: 326
Fetching Kalshi markets for series KXNBAGAME...
Fetched 28 markets for series KXNBAGAME...
Fetching Kalshi markets for series KXNBA...
Fetched 30 markets for series KXNBA...
Fetching Kalshi markets for series KXNFLGAME...
Fetched 60 markets for series KXNFLGAME...
Fetching Kalshi markets for series KXNFL...
Fetching Kalshi markets for series KXNFLSPREAD...
Fetched 100 markets for series KXNFLSPREAD...
Fetched 200 markets for series KXNFLSPREAD...
Fetched 300 markets for series KXNFLSPREAD...
Fetched 400 markets for series KXNFLSPREAD...
Fetched 471 markets for series KXNFLSPREAD...
Fetching Kalshi markets for series KXNFLML...
Fetching Kalshi markets for series KXNHLGAME...
Fetched 40 markets for series KXNHLGAME...
Fetching Kalshi markets for series KXNHL...
Fetched 32 markets for series KXNHL...
Fetching Kalshi markets for series KXUHFH...
Fetching Kalshi markets for series KXSOCCER...
Fetching Kalshi markets for series KXEPLGAME...
Fetched 81 markets for series KXEPLGAME...
Fetching Kalshi markets for series KXUCLGAME...
Fetching Kalshi markets for series KXUELGAME...
Fetching Kalshi markets for series KXSOCCERGAME...
Fetching Kalshi markets for series KXLALIGA...
Fetched 20 markets for series KXLALIGA...
Fetching Kalshi markets for series KXFAWC...
Fetching Kalshi markets for series KXWNBA...
Fetching Kalshi markets for series KXWNFL...
Fetching Kalshi markets for series KXCOLLEGEFB...
Fetching Kalshi markets for series KXCOLLEGEBB...
Fetching Kalshi markets for series KXCOLLEGEHOOPS...
Fetching Kalshi markets for series KXCRICKET...
Fetching Kalshi markets for series KXRUGBY...
Fetching Kalshi markets for series KXTENNIS...
Fetching Kalshi markets for series KXGOLF...
Fetching Kalshi markets for series KXBOXING...
Fetched 2 markets for series KXBOXING...
Fetching Kalshi markets for series KXUFC...
Fetching Kalshi markets for series KXESPORTS...
Fetching Kalshi markets for series KXCS2...
Fetched 8 markets for series KXCS2...
Fetching Kalshi markets for series KXDOTA...
Fetching Kalshi markets for series KXVALORANT...
Found 326 Polymarket games and 14 Kalshi games
Successfully matched 14 games
⚠️ Requirements not met yet: 14/10 matches, 0/5 arbs
📊 Interim stats: 14 matched, 0 arbs, 0 tradable
🔍 Expanding dataset with priority sports feeds...
Fetching Polymarket events for tag 745...
Fetched 82 events for tag 745...
Fetching Kalshi markets for series KXNBAGAME...
Fetched 28 markets for series KXNBAGAME...
Fetching Polymarket events for tag 450...
Fetched 81 events for tag 450...
Could not map teams: LAR vs Cardinals
Fetching Kalshi markets for series KXNFLGAME...
Fetched 60 markets for series KXNFLGAME...
Fetching Polymarket events for tag 899...
Fetched 100 events for tag 899...
Fetched 200 events for tag 899...
Fetched 213 events for tag 899...
Fetching Kalshi markets for series KXNHLGAME...127.0.0.1 - - [03/Dec/2025 15:37:39] "GET / HTTP/1.1" 200 -

Fetched 40 markets for series KXNHLGAME...
Fetching Polymarket events for tag 82...
Fetched 44 events for tag 82...
Fetching Polymarket events for tag 780...
Fetched 47 events for tag 780...
Fetching Polymarket events for tag 1494...
Fetched 40 events for tag 1494...
Fetching Polymarket events for tag 1234...
Fetched 4 events for tag 1234...
Fetching Polymarket events for tag 101787...
Fetched 36 events for tag 101787...
Fetching Kalshi markets for series KXSOCCER...
Fetching Kalshi markets for series KXEPLGAME...
Fetched 81 markets for series KXEPLGAME...
Fetching Kalshi markets for series KXUCLGAME...
Fetching Kalshi markets for series KXUELGAME...
Fetching Kalshi markets for series KXSOCCERGAME...
Successfully matched 71 games
✅ Requirements met: 71 matches, 21 arb opportunities
📊 Interim stats: 71 matched, 21 arbs, 20 tradable
✅ Requirements met after 2 iterations: 71 matched, 21 arbs
✅ Using 570 homepage_games from all_sports_data
Processing 570 games for arbitrage opportunities...
Games by sport (after dedup): {'SOCCER': 28, 'NHL': 192, 'OTHER': 275, 'NFL': 29, 'CS2': 9, 'DOTA2': 5, 'VALORANT': 6, 'LOL': 26}
Tradable markets (ROI>0 after fees): 21 / 570
Filtered markets (first 5): ['Titans@49ers[OTHER]', 'Titans@49ers[NFL]', 'Chargers@Chiefs[OTHER]', 'Chargers@Chiefs[NFL]', 'Arsenal@Wolverhampton Wanderers[SOCCER]']
❌ No arb for Chelsea vs Everton (SOCCER): Market already traded (duplicate trade prevention)
❌ No arb for Liverpool vs Brighton & Hove Albion (SOCCER): Market already traded (duplicate trade prevention)
❌ No arb for Burnley vs Fulham (SOCCER): Market already traded (duplicate trade prevention)
❌ No arb for Sabres vs Jets (NHL): Market already traded (duplicate trade prevention)
❌ No arb for Capitals vs Ducks (NHL): Market already traded (duplicate trade prevention)
📊 Checked 21 tradable games without execution. Reasons: {'Market already traded (duplicate trade prevention)': 20, 'ROI (4.79%) below threshold (5.0%)': 1}
Fetching comprehensive sports data...
Fetching Kalshi markets for series KXNBAGAME...
Fetched 28 markets for series KXNBAGAME...
Fetching Polymarket events for tag 64...
Fetched 61 events for tag 64...
Fetching Polymarket events for tag 65...
Fetched 27 events for tag 65...
Fetching Polymarket events for tag 450...
Fetched 81 events for tag 450...
Fetching Polymarket events for tag 745...
Fetched 82 events for tag 745...
Fetching Polymarket events for tag 899...
Fetched 100 events for tag 899...
Fetched 200 events for tag 899...
Fetched 213 events for tag 899...
Fetching Polymarket events for tag 100350...
Fetched 100 events for tag 100350...
Fetched 200 events for tag 100350...
Fetched 300 events for tag 100350...
Fetched 400 events for tag 100350...
Fetched 500 events for tag 100350...
Fetching Polymarket events for tag 102366...
Fetched 5 events for tag 102366...
Fetching Polymarket events for tag 100780...
Fetched 9 events for tag 100780...
Fetching Polymarket events for tag 101672...
Fetched 6 events for tag 101672...
Fetching Polymarket events for tag 101673...
Fetching Polymarket events for tag 101674...
Fetching Polymarket events for tag 102367...
Fetching Polymarket events for tag 102368...
Fetched 77 events for tag 102368...
Fetching Polymarket events for tag 102369...
Fetching Polymarket events for tag 102370...
Fetched 1 events for tag 102370...
Fetching Polymarket events for tag 102371...
Fetching Polymarket events for tag 102372...
Fetched 1 events for tag 102372...
Fetching Polymarket events for tag 102373...
Fetching Polymarket events for tag 102374...
Fetching Polymarket events for tag 102375...
Fetching Polymarket events for tag 102376...
Fetching Polymarket events for tag 103000...
Fetching Polymarket events for tag 103001...
Total Polymarket games collected: 326
Fetching Kalshi markets for series KXNBAGAME...
Fetched 28 markets for series KXNBAGAME...
Fetching Kalshi markets for series KXNBA...
Fetched 30 markets for series KXNBA...
Fetching Kalshi markets for series KXNFLGAME...
Fetched 60 markets for series KXNFLGAME...
Fetching Kalshi markets for series KXNFL...
Fetching Kalshi markets for series KXNFLSPREAD...
Fetched 100 markets for series KXNFLSPREAD...
Fetched 200 markets for series KXNFLSPREAD...
Fetched 300 markets for series KXNFLSPREAD...
Fetched 400 markets for series KXNFLSPREAD...
Fetched 471 markets for series KXNFLSPREAD...
Fetching Kalshi markets for series KXNFLML...
Fetching Kalshi markets for series KXNHLGAME...
Fetched 40 markets for series KXNHLGAME...
Fetching Kalshi markets for series KXNHL...
Fetched 32 markets for series KXNHL...
Fetching Kalshi markets for series KXUHFH...
Fetching Kalshi markets for series KXSOCCER...
Fetching Kalshi markets for series KXEPLGAME...
Fetched 81 markets for series KXEPLGAME...
Fetching Kalshi markets for series KXUCLGAME...
Fetching Kalshi markets for series KXUELGAME...
Fetching Kalshi markets for series KXSOCCERGAME...
Fetching Kalshi markets for series KXLALIGA...
Fetched 20 markets for series KXLALIGA...
Fetching Kalshi markets for series KXFAWC...
Fetching Kalshi markets for series KXWNBA...
Fetching Kalshi markets for series KXWNFL...
Fetching Kalshi markets for series KXCOLLEGEFB...
Fetching Kalshi markets for series KXCOLLEGEBB...
Fetching Kalshi markets for series KXCOLLEGEHOOPS...
Fetching Kalshi markets for series KXCRICKET...
Fetching Kalshi markets for series KXRUGBY...
Fetching Kalshi markets for series KXTENNIS...
Fetching Kalshi markets for series KXGOLF...
Fetching Kalshi markets for series KXBOXING...
Fetched 2 markets for series KXBOXING...
Fetching Kalshi markets for series KXUFC...
Fetching Kalshi markets for series KXESPORTS...
Fetching Kalshi markets for series KXCS2...
Fetched 8 markets for series KXCS2...
Fetching Kalshi markets for series KXDOTA...
Fetching Kalshi markets for series KXVALORANT...
Found 326 Polymarket games and 14 Kalshi games
Successfully matched 14 games
⚠️ Requirements not met yet: 14/10 matches, 0/5 arbs
📊 Interim stats: 14 matched, 0 arbs, 0 tradable
🔍 Expanding dataset with priority sports feeds...
Fetching Polymarket events for tag 745...
Fetched 82 events for tag 745...
Fetching Kalshi markets for series KXNBAGAME...
Fetched 28 markets for series KXNBAGAME...
Fetching Polymarket events for tag 450...
Fetched 81 events for tag 450...
Could not map teams: LAR vs Cardinals
Fetching Kalshi markets for series KXNFLGAME...
Fetched 60 markets for series KXNFLGAME...
Fetching Polymarket events for tag 899...
Fetched 100 events for tag 899...
Fetched 200 events for tag 899...
Fetched 213 events for tag 899...
Fetching Kalshi markets for series KXNHLGAME...
Fetched 40 markets for series KXNHLGAME...
Fetching Polymarket events for tag 82...
Fetched 44 events for tag 82...
Fetching Polymarket events for tag 780...
Fetched 47 events for tag 780...
Fetching Polymarket events for tag 1494...
Fetched 40 events for tag 1494...
Fetching Polymarket events for tag 1234...
Fetched 4 events for tag 1234...
Fetching Polymarket events for tag 101787...
Fetched 36 events for tag 101787...
Fetching Kalshi markets for series KXSOCCER...
Fetching Kalshi markets for series KXEPLGAME...
Fetched 81 markets for series KXEPLGAME...
Fetching Kalshi markets for series KXUCLGAME...
Fetching Kalshi markets for series KXUELGAME...
Fetching Kalshi markets for series KXSOCCERGAME...
Successfully matched 71 games
✅ Requirements met: 71 matches, 22 arb opportunities
📊 Interim stats: 71 matched, 22 arbs, 21 tradable
✅ Requirements met after 2 iterations: 71 matched, 22 arbs
✅ Using 570 homepage_games from all_sports_data
Processing 570 games for arbitrage opportunities...
Games by sport (after dedup): {'SOCCER': 28, 'NHL': 192, 'OTHER': 275, 'NFL': 29, 'CS2': 9, 'DOTA2': 5, 'VALORANT': 6, 'LOL': 26}
Tradable markets (ROI>0 after fees): 22 / 570
Filtered markets (first 5): ['Titans@49ers[OTHER]', 'Titans@49ers[NFL]', 'Chargers@Chiefs[OTHER]', 'Chargers@Chiefs[NFL]', 'Browns@Bears[OTHER]']
❌ No arb for Chelsea vs Everton (SOCCER): Market already traded (duplicate trade prevention)
❌ No arb for Liverpool vs Brighton & Hove Albion (SOCCER): Market already traded (duplicate trade prevention)
❌ No arb for Burnley vs Fulham (SOCCER): Market already traded (duplicate trade prevention)
❌ No arb for Sabres vs Jets (NHL): Market already traded (duplicate trade prevention)
❌ No arb for Brighton vs West Ham (SOCCER): Market already traded (duplicate trade prevention)
📊 Checked 22 tradable games without execution. Reasons: {'Market already traded (duplicate trade prevention)': 21, 'ROI (0.43%) below threshold (5.0%)': 1}
Checking paper trading settlements...
Fetching comprehensive sports data...
Fetching Kalshi markets for series KXNBAGAME...
Fetched 28 markets for series KXNBAGAME...
Fetching Polymarket events for tag 64...
Fetched 61 events for tag 64...
Fetching Polymarket events for tag 65...
Fetched 27 events for tag 65...
Fetching Polymarket events for tag 450...
Fetched 81 events for tag 450...
Fetching Polymarket events for tag 745...
Fetched 82 events for tag 745...
Fetching Polymarket events for tag 899...
Fetched 100 events for tag 899...
Fetched 200 events for tag 899...
Fetched 213 events for tag 899...
Fetching Polymarket events for tag 100350...
Fetched 100 events for tag 100350...
Fetched 200 events for tag 100350...
Fetched 300 events for tag 100350...
Fetched 400 events for tag 100350...
Fetched 500 events for tag 100350...
Fetching Polymarket events for tag 102366...
Fetched 5 events for tag 102366...
Fetching Polymarket events for tag 100780...
Fetched 9 events for tag 100780...
Fetching Polymarket events for tag 101672...
Fetched 6 events for tag 101672...
Fetching Polymarket events for tag 101673...
Fetching Polymarket events for tag 101674...
Fetching Polymarket events for tag 102367...
Fetching Polymarket events for tag 102368...
Fetched 77 events for tag 102368...
Fetching Polymarket events for tag 102369...
Fetching Polymarket events for tag 102370...
Fetched 1 events for tag 102370...
Fetching Polymarket events for tag 102371...
Fetching Polymarket events for tag 102372...
Fetched 1 events for tag 102372...
Fetching Polymarket events for tag 102373...
Fetching Polymarket events for tag 102374...
Fetching Polymarket events for tag 102375...
Fetching Polymarket events for tag 102376...
Fetching Polymarket events for tag 103000...
Fetching Polymarket events for tag 103001...
Total Polymarket games collected: 326
Fetching Kalshi markets for series KXNBAGAME...
Fetched 28 markets for series KXNBAGAME...
Fetching Kalshi markets for series KXNBA...
Fetched 30 markets for series KXNBA...
Fetching Kalshi markets for series KXNFLGAME...
Fetched 60 markets for series KXNFLGAME...
Fetching Kalshi markets for series KXNFL...
Fetching Kalshi markets for series KXNFLSPREAD...
Fetched 100 markets for series KXNFLSPREAD...
Fetched 200 markets for series KXNFLSPREAD...
Fetched 300 markets for series KXNFLSPREAD...
Fetched 400 markets for series KXNFLSPREAD...
Fetched 471 markets for series KXNFLSPREAD...
Fetching Kalshi markets for series KXNFLML...
Fetching Kalshi markets for series KXNHLGAME...
Fetched 40 markets for series KXNHLGAME...
Fetching Kalshi markets for series KXNHL...
Fetched 32 markets for series KXNHL...
Fetching Kalshi markets for series KXUHFH...
Fetching Kalshi markets for series KXSOCCER...
Fetching Kalshi markets for series KXEPLGAME...
Fetched 81 markets for series KXEPLGAME...
Fetching Kalshi markets for series KXUCLGAME...
Fetching Kalshi markets for series KXUELGAME...
Fetching Kalshi markets for series KXSOCCERGAME...
Fetching Kalshi markets for series KXLALIGA...
Fetched 20 markets for series KXLALIGA...
Fetching Kalshi markets for series KXFAWC...
Fetching Kalshi markets for series KXWNBA...
Fetching Kalshi markets for series KXWNFL...
Fetching Kalshi markets for series KXCOLLEGEFB...
Fetching Kalshi markets for series KXCOLLEGEBB...
Fetching Kalshi markets for series KXCOLLEGEHOOPS...
Fetching Kalshi markets for series KXCRICKET...
Fetching Kalshi markets for series KXRUGBY...
Fetching Kalshi markets for series KXTENNIS...
Fetching Kalshi markets for series KXGOLF...
Fetching Kalshi markets for series KXBOXING...
Fetched 2 markets for series KXBOXING...
Fetching Kalshi markets for series KXUFC...
Fetching Kalshi markets for series KXESPORTS...
Fetching Kalshi markets for series KXCS2...
Fetched 8 markets for series KXCS2...
Fetching Kalshi markets for series KXDOTA...
Fetching Kalshi markets for series KXVALORANT...
Found 326 Polymarket games and 14 Kalshi games
Successfully matched 14 games
⚠️ Requirements not met yet: 14/10 matches, 0/5 arbs
📊 Interim stats: 14 matched, 0 arbs, 0 tradable
🔍 Expanding dataset with priority sports feeds...
Fetching Polymarket events for tag 745...
Fetched 82 events for tag 745...
Fetching Kalshi markets for series KXNBAGAME...
Fetched 28 markets for series KXNBAGAME...
Fetching Polymarket events for tag 450...
Fetched 81 events for tag 450...
Could not map teams: LAR vs Cardinals
Fetching Kalshi markets for series KXNFLGAME...
Fetched 60 markets for series KXNFLGAME...
Fetching Polymarket events for tag 899...
Fetched 100 events for tag 899...
Fetched 200 events for tag 899...
Fetched 213 events for tag 899...
Fetching Kalshi markets for series KXNHLGAME...
Fetched 40 markets for series KXNHLGAME...
Fetching Polymarket events for tag 82...
Fetched 44 events for tag 82...
Fetching Polymarket events for tag 780...
Fetched 47 events for tag 780...
Fetching Polymarket events for tag 1494...
Fetched 40 events for tag 1494...
Fetching Polymarket events for tag 1234...
Fetched 4 events for tag 1234...
Fetching Polymarket events for tag 101787...
Fetched 36 events for tag 101787...
Fetching Kalshi markets for series KXSOCCER...
Fetching Kalshi markets for series KXEPLGAME...
Fetched 81 markets for series KXEPLGAME...
Fetching Kalshi markets for series KXUCLGAME...
Fetching Kalshi markets for series KXUELGAME...
Fetching Kalshi markets for series KXSOCCERGAME...
Successfully matched 71 games
✅ Requirements met: 71 matches, 22 arb opportunities
📊 Interim stats: 71 matched, 22 arbs, 21 tradable
✅ Requirements met after 2 iterations: 71 matched, 22 arbs
✅ Using 570 homepage_games from all_sports_data
Processing 570 games for arbitrage opportunities...
Games by sport (after dedup): {'SOCCER': 28, 'NHL': 192, 'OTHER': 275, 'NFL': 29, 'CS2': 9, 'DOTA2': 5, 'VALORANT': 6, 'LOL': 26}
Tradable markets (ROI>0 after fees): 22 / 570
Filtered markets (first 5): ['Titans@49ers[OTHER]', 'Titans@49ers[NFL]', 'Chargers@Chiefs[OTHER]', 'Browns@Bears[OTHER]', 'Jazz@Nets[OTHER]']
❌ No arb for Chelsea vs Everton (SOCCER): Market already traded (duplicate trade prevention)
❌ No arb for Liverpool vs Brighton & Hove Albion (SOCCER): Market already traded (duplicate trade prevention)
❌ No arb for Burnley vs Fulham (SOCCER): Market already traded (duplicate trade prevention)
❌ No arb for Sabres vs Jets (NHL): Market already traded (duplicate trade prevention)
❌ No arb for Brighton vs West Ham (SOCCER): Market already traded (duplicate trade prevention)
📊 Checked 22 tradable games without execution. Reasons: {'Market already traded (duplicate trade prevention)': 21, 'ROI (0.43%) below threshold (5.0%)': 1}
Fetching comprehensive sports data...
Fetching Kalshi markets for series KXNBAGAME...
Fetched 28 markets for series KXNBAGAME...
Fetching Polymarket events for tag 64...
Fetched 61 events for tag 64...
Fetching Polymarket events for tag 65...
Fetched 27 events for tag 65...
Fetching Polymarket events for tag 450...
Fetched 81 events for tag 450...
Fetching Polymarket events for tag 745...
Fetched 82 events for tag 745...
Fetching Polymarket events for tag 899...
Fetched 100 events for tag 899...
Fetched 200 events for tag 899...
Fetched 213 events for tag 899...
Fetching Polymarket events for tag 100350...
Fetched 100 events for tag 100350...
Fetched 200 events for tag 100350...
Fetched 300 events for tag 100350...
Fetched 400 events for tag 100350...
Fetched 500 events for tag 100350...
Fetching Polymarket events for tag 102366...
Fetched 5 events for tag 102366...
Fetching Polymarket events for tag 100780...
Fetched 9 events for tag 100780...
Fetching Polymarket events for tag 101672...
Fetched 6 events for tag 101672...
Fetching Polymarket events for tag 101673...127.0.0.1 - - [03/Dec/2025 15:38:53] "GET /api/odds/all-sports HTTP/1.1" 200 -

Fetching Polymarket events for tag 101674...
Fetching Polymarket events for tag 102367...
Fetching Polymarket events for tag 102368...
Fetched 77 events for tag 102368...
Fetching Polymarket events for tag 102369...
Fetching Polymarket events for tag 102370...
Fetched 1 events for tag 102370...
Fetching Polymarket events for tag 102371...
Fetching Polymarket events for tag 102372...
Fetched 1 events for tag 102372...
Fetching Polymarket events for tag 102373...
Fetching Polymarket events for tag 102374...
Fetching Polymarket events for tag 102375...
Fetching Polymarket events for tag 102376...
Fetching Polymarket events for tag 103000...
Fetching Polymarket events for tag 103001...
Total Polymarket games collected: 326
Fetching Kalshi markets for series KXNBAGAME...
Fetched 28 markets for series KXNBAGAME...
Fetching Kalshi markets for series KXNBA...
Fetched 30 markets for series KXNBA...
Fetching Kalshi markets for series KXNFLGAME...
Fetched 60 markets for series KXNFLGAME...
Fetching Kalshi markets for series KXNFL...
Fetching Kalshi markets for series KXNFLSPREAD...
Fetched 100 markets for series KXNFLSPREAD...
Fetched 200 markets for series KXNFLSPREAD...
Fetched 300 markets for series KXNFLSPREAD...
Fetched 400 markets for series KXNFLSPREAD...
Fetched 471 markets for series KXNFLSPREAD...
Fetching Kalshi markets for series KXNFLML...
Fetching Kalshi markets for series KXNHLGAME...
Fetched 40 markets for series KXNHLGAME...
Fetching Kalshi markets for series KXNHL...
Fetched 32 markets for series KXNHL...
Fetching Kalshi markets for series KXUHFH...
Fetching Kalshi markets for series KXSOCCER...
Fetching Kalshi markets for series KXEPLGAME...
Fetched 81 markets for series KXEPLGAME...
Fetching Kalshi markets for series KXUCLGAME...
Fetching comprehensive sports data...
Fetching Kalshi markets for series KXNBAGAME...
Fetching Kalshi markets for series KXUELGAME...
Fetching Kalshi markets for series KXSOCCERGAME...
Fetched 28 markets for series KXNBAGAME...
Fetching Polymarket events for tag 64...
Fetching Kalshi markets for series KXLALIGA...
Fetched 20 markets for series KXLALIGA...
Fetching Kalshi markets for series KXFAWC...
Fetching Kalshi markets for series KXWNBA...
Fetching Kalshi markets for series KXWNFL...
Fetching Kalshi markets for series KXCOLLEGEFB...
Fetching Kalshi markets for series KXCOLLEGEBB...
Fetching Kalshi markets for series KXCOLLEGEHOOPS...
Fetching Kalshi markets for series KXCRICKET...
Fetching Kalshi markets for series KXRUGBY...
Fetching Kalshi markets for series KXTENNIS...
Fetching Kalshi markets for series KXGOLF...
Fetching Kalshi markets for series KXBOXING...
Fetched 61 events for tag 64...
Fetching Polymarket events for tag 65...
Fetched 2 markets for series KXBOXING...
Fetching Kalshi markets for series KXUFC...
Fetching Kalshi markets for series KXESPORTS...
Fetching Kalshi markets for series KXCS2...
Fetched 8 markets for series KXCS2...
Fetching Kalshi markets for series KXDOTA...
Fetching Kalshi markets for series KXVALORANT...
Found 326 Polymarket games and 14 Kalshi games
Fetched 27 events for tag 65...
Fetching Polymarket events for tag 450...
Successfully matched 14 games
⚠️ Requirements not met yet: 14/10 matches, 0/5 arbs
📊 Interim stats: 14 matched, 0 arbs, 0 tradable
🔍 Expanding dataset with priority sports feeds...
Fetching Polymarket events for tag 745...
Fetched 82 events for tag 745...
Fetching Kalshi markets for series KXNBAGAME...
Fetched 28 markets for series KXNBAGAME...
Fetching Polymarket events for tag 450...
Fetched 81 events for tag 450...
Fetching Polymarket events for tag 745...
Fetched 82 events for tag 745...
Fetching Polymarket events for tag 899...
Fetched 81 events for tag 450...
Could not map teams: LAR vs Cardinals
Fetching Kalshi markets for series KXNFLGAME...
Fetched 60 markets for series KXNFLGAME...
Fetching Polymarket events for tag 899...
Fetched 100 events for tag 899...
Fetched 200 events for tag 899...
Fetched 100 events for tag 899...
Fetched 213 events for tag 899...
Fetching Polymarket events for tag 100350...
Fetched 200 events for tag 899...
Fetched 213 events for tag 899...
Fetching Kalshi markets for series KXNHLGAME...
Fetched 40 markets for series KXNHLGAME...
Fetching Polymarket events for tag 82...
Fetched 100 events for tag 100350...
Fetched 44 events for tag 82...
Fetching Polymarket events for tag 780...
Fetched 200 events for tag 100350...
Fetched 47 events for tag 780...
Fetching Polymarket events for tag 1494...
Fetched 300 events for tag 100350...
Fetched 40 events for tag 1494...
Fetching Polymarket events for tag 1234...
Fetched 4 events for tag 1234...
Fetching Polymarket events for tag 101787...
Fetched 400 events for tag 100350...
Fetched 36 events for tag 101787...
Fetching Kalshi markets for series KXSOCCER...
Fetching Kalshi markets for series KXEPLGAME...
Fetched 81 markets for series KXEPLGAME...
Fetching Kalshi markets for series KXUCLGAME...
Fetched 500 events for tag 100350...
Fetching Polymarket events for tag 102366...
Fetching Kalshi markets for series KXUELGAME...
Fetching Kalshi markets for series KXSOCCERGAME...
Fetched 5 events for tag 102366...
Fetching Polymarket events for tag 100780...
Fetched 9 events for tag 100780...
Fetching Polymarket events for tag 101672...
Fetched 6 events for tag 101672...
Fetching Polymarket events for tag 101673...
Fetching Polymarket events for tag 101674...
Fetching Polymarket events for tag 102367...
Successfully matched 71 games
✅ Requirements met: 71 matches, 22 arb opportunities
📊 Interim stats: 71 matched, 22 arbs, 21 tradable
✅ Requirements met after 2 iterations: 71 matched, 22 arbs
Fetching Polymarket events for tag 102368...
Fetched 77 events for tag 102368...
Fetching Polymarket events for tag 102369...
Fetching Polymarket events for tag 102370...
Fetched 1 events for tag 102370...
Fetching Polymarket events for tag 102371...
Fetching Polymarket events for tag 102372...
Fetched 1 events for tag 102372...
Fetching Polymarket events for tag 102373...
Fetching Polymarket events for tag 102374...
Fetching Polymarket events for tag 102375...
Fetching Polymarket events for tag 102376...
Fetching Polymarket events for tag 103000...
Fetching Polymarket events for tag 103001...
Total Polymarket games collected: 326
Fetching Kalshi markets for series KXNBAGAME...
Fetched 28 markets for series KXNBAGAME...
Fetching Kalshi markets for series KXNBA...
Fetched 30 markets for series KXNBA...
Fetching Kalshi markets for series KXNFLGAME...
Fetched 60 markets for series KXNFLGAME...
Fetching Kalshi markets for series KXNFL...
Fetching Kalshi markets for series KXNFLSPREAD...
Fetched 100 markets for series KXNFLSPREAD...
Fetched 200 markets for series KXNFLSPREAD...
Fetched 300 markets for series KXNFLSPREAD...
Fetched 400 markets for series KXNFLSPREAD...
Fetched 471 markets for series KXNFLSPREAD...
Fetching Kalshi markets for series KXNFLML...
Fetching Kalshi markets for series KXNHLGAME...
Fetched 40 markets for series KXNHLGAME...
Fetching Kalshi markets for series KXNHL...
Fetched 32 markets for series KXNHL...
Fetching Kalshi markets for series KXUHFH...
Fetching Kalshi markets for series KXSOCCER...
Fetching Kalshi markets for series KXEPLGAME...
Fetched 81 markets for series KXEPLGAME...
Fetching Kalshi markets for series KXUCLGAME...
Fetching Kalshi markets for series KXUELGAME...
Fetching Kalshi markets for series KXSOCCERGAME...
Fetching Kalshi markets for series KXLALIGA...
Fetched 20 markets for series KXLALIGA...
Fetching Kalshi markets for series KXFAWC...
Fetching Kalshi markets for series KXWNBA...
Fetching Kalshi markets for series KXWNFL...
Fetching Kalshi markets for series KXCOLLEGEFB...
Fetching Kalshi markets for series KXCOLLEGEBB...
Fetching Kalshi markets for series KXCOLLEGEHOOPS...
Fetching Kalshi markets for series KXCRICKET...
Fetching Kalshi markets for series KXRUGBY...
Fetching Kalshi markets for series KXTENNIS...
Fetching Kalshi markets for series KXGOLF...
Fetching Kalshi markets for series KXBOXING...
Fetched 2 markets for series KXBOXING...
Fetching Kalshi markets for series KXUFC...
Fetching Kalshi markets for series KXESPORTS...
Fetching Kalshi markets for series KXCS2...
Fetched 8 markets for series KXCS2...
Fetching Kalshi markets for series KXDOTA...
Fetching Kalshi markets for series KXVALORANT...
Found 326 Polymarket games and 14 Kalshi games
Successfully matched 14 games
⚠️ Requirements not met yet: 14/10 matches, 0/5 arbs
📊 Interim stats: 14 matched, 0 arbs, 0 tradable
🔍 Expanding dataset with priority sports feeds...
Fetching Polymarket events for tag 745...
Fetched 82 events for tag 745...
Fetching Kalshi markets for series KXNBAGAME...
Fetched 28 markets for series KXNBAGAME...
Fetching Polymarket events for tag 450...
Fetched 81 events for tag 450...
Could not map teams: LAR vs Cardinals
Fetching Kalshi markets for series KXNFLGAME...
Fetched 60 markets for series KXNFLGAME...
Fetching Polymarket events for tag 899...
Fetched 100 events for tag 899...
Fetched 200 events for tag 899...
Fetched 213 events for tag 899...
Fetching Kalshi markets for series KXNHLGAME...
Fetched 40 markets for series KXNHLGAME...
Fetching Polymarket events for tag 82...
Fetched 44 events for tag 82...
Fetching Polymarket events for tag 780...
Fetched 47 events for tag 780...
Fetching Polymarket events for tag 1494...
Fetched 40 events for tag 1494...
Fetching Polymarket events for tag 1234...
Fetched 4 events for tag 1234...
Fetching Polymarket events for tag 101787...
Fetched 36 events for tag 101787...
Fetching Kalshi markets for series KXSOCCER...
Fetching Kalshi markets for series KXEPLGAME...
Fetched 81 markets for series KXEPLGAME...
Fetching Kalshi markets for series KXUCLGAME...
Fetching Kalshi markets for series KXUELGAME...
Fetching Kalshi markets for series KXSOCCERGAME...
Successfully matched 71 games
✅ Requirements met: 71 matches, 22 arb opportunities
📊 Interim stats: 71 matched, 22 arbs, 21 tradable
✅ Requirements met after 2 iterations: 71 matched, 22 arbs
✅ Using 570 homepage_games from all_sports_data
Processing 570 games for arbitrage opportunities...
Games by sport (after dedup): {'SOCCER': 28, 'NHL': 192, 'OTHER': 275, 'NFL': 29, 'CS2': 9, 'DOTA2': 5, 'VALORANT': 6, 'LOL': 26}
Tradable markets (ROI>0 after fees): 22 / 570
Filtered markets (first 5): ['Titans@49ers[OTHER]', 'Titans@49ers[NFL]', 'Browns@Bears[OTHER]', 'Chargers@Chiefs[OTHER]', 'Jazz@Nets[OTHER]']
❌ No arb for Chelsea vs Everton (SOCCER): Market already traded (duplicate trade prevention)
❌ No arb for Liverpool vs Brighton & Hove Albion (SOCCER): Market already traded (duplicate trade prevention)
❌ No arb for Burnley vs Fulham (SOCCER): Market already traded (duplicate trade prevention)
❌ No arb for Sabres vs Jets (NHL): Market already traded (duplicate trade prevention)
❌ No arb for Brighton vs West Ham (SOCCER): Market already traded (duplicate trade prevention)
📊 Checked 22 tradable games without execution. Reasons: {'Market already traded (duplicate trade prevention)': 21, 'ROI (0.43%) below threshold (5.0%)': 1}
Fetching comprehensive sports data...
Fetching Kalshi markets for series KXNBAGAME...
Fetched 28 markets for series KXNBAGAME...
Fetching Polymarket events for tag 64...
Fetched 61 events for tag 64...
Fetching Polymarket events for tag 65...
Fetched 27 events for tag 65...
Fetching Polymarket events for tag 450...
Fetched 81 events for tag 450...
Fetching Polymarket events for tag 745...
Fetched 82 events for tag 745...
Fetching Polymarket events for tag 899...
Fetched 100 events for tag 899...
Fetched 200 events for tag 899...
Fetched 213 events for tag 899...
Fetching Polymarket events for tag 100350...
Fetched 100 events for tag 100350...
Fetched 200 events for tag 100350...
Fetched 300 events for tag 100350...
Fetched 400 events for tag 100350...
Fetched 500 events for tag 100350...
Fetching Polymarket events for tag 102366...
Fetched 5 events for tag 102366...
Fetching Polymarket events for tag 100780...
Fetched 9 events for tag 100780...
Fetching Polymarket events for tag 101672...
Fetched 6 events for tag 101672...
Fetching Polymarket events for tag 101673...
Fetching Polymarket events for tag 101674...
Fetching Polymarket events for tag 102367...
Fetching Polymarket events for tag 102368...
Fetched 77 events for tag 102368...
Fetching Polymarket events for tag 102369...
Fetching Polymarket events for tag 102370...
Checking paper trading settlements...
Fetching comprehensive sports data...
Fetching Kalshi markets for series KXNBAGAME...
Fetched 1 events for tag 102370...
Fetching Polymarket events for tag 102371...
Fetching Polymarket events for tag 102372...
Fetched 28 markets for series KXNBAGAME...
Fetching Polymarket events for tag 64...
Fetched 1 events for tag 102372...
Fetching Polymarket events for tag 102373...
Fetching Polymarket events for tag 102374...
Fetching Polymarket events for tag 102375...
Fetched 61 events for tag 64...
Fetching Polymarket events for tag 65...
Fetching Polymarket events for tag 102376...
Fetching Polymarket events for tag 103000...
Fetched 27 events for tag 65...
Fetching Polymarket events for tag 450...
Fetching Polymarket events for tag 103001...
Total Polymarket games collected: 326
Fetching Kalshi markets for series KXNBAGAME...
Fetched 28 markets for series KXNBAGAME...
Fetching Kalshi markets for series KXNBA...
Fetched 30 markets for series KXNBA...
Fetching Kalshi markets for series KXNFLGAME...
Fetched 60 markets for series KXNFLGAME...
Fetching Kalshi markets for series KXNFL...
Fetching Kalshi markets for series KXNFLSPREAD...
Fetched 100 markets for series KXNFLSPREAD...
Fetched 200 markets for series KXNFLSPREAD...
Fetched 300 markets for series KXNFLSPREAD...
Fetched 400 markets for series KXNFLSPREAD...
Fetched 471 markets for series KXNFLSPREAD...
Fetching Kalshi markets for series KXNFLML...
Fetching Kalshi markets for series KXNHLGAME...
Fetched 40 markets for series KXNHLGAME...
Fetching Kalshi markets for series KXNHL...
Fetched 81 events for tag 450...
Fetching Polymarket events for tag 745...
Fetched 32 markets for series KXNHL...
Fetching Kalshi markets for series KXUHFH...
Fetching Kalshi markets for series KXSOCCER...
Fetching Kalshi markets for series KXEPLGAME...
Fetched 81 markets for series KXEPLGAME...
Fetching Kalshi markets for series KXUCLGAME...
Fetching Kalshi markets for series KXUELGAME...
Fetching Kalshi markets for series KXSOCCERGAME...
Fetching Kalshi markets for series KXLALIGA...
Fetched 20 markets for series KXLALIGA...
Fetching Kalshi markets for series KXFAWC...
Fetching Kalshi markets for series KXWNBA...
Fetching Kalshi markets for series KXWNFL...
Fetching Kalshi markets for series KXCOLLEGEFB...
Fetching Kalshi markets for series KXCOLLEGEBB...
Fetching Kalshi markets for series KXCOLLEGEHOOPS...
Fetching Kalshi markets for series KXCRICKET...
Fetching Kalshi markets for series KXRUGBY...
Fetching Kalshi markets for series KXTENNIS...
Fetching Kalshi markets for series KXGOLF...
Fetching Kalshi markets for series KXBOXING...
Fetched 82 events for tag 745...
Fetching Polymarket events for tag 899...
Fetched 2 markets for series KXBOXING...
Fetching Kalshi markets for series KXUFC...
Fetching Kalshi markets for series KXESPORTS...
Fetching Kalshi markets for series KXCS2...
Fetched 8 markets for series KXCS2...
Fetching Kalshi markets for series KXDOTA...
Fetching Kalshi markets for series KXVALORANT...
Found 326 Polymarket games and 14 Kalshi games
Successfully matched 14 games
⚠️ Requirements not met yet: 14/10 matches, 0/5 arbs
📊 Interim stats: 14 matched, 0 arbs, 0 tradable
🔍 Expanding dataset with priority sports feeds...
Fetching Polymarket events for tag 745...
Fetched 100 events for tag 899...
Fetched 82 events for tag 745...
Fetching Kalshi markets for series KXNBAGAME...
Fetched 200 events for tag 899...
Fetched 28 markets for series KXNBAGAME...
Fetching Polymarket events for tag 450...
Fetched 213 events for tag 899...
Fetching Polymarket events for tag 100350...
Fetched 100 events for tag 100350...
Fetched 81 events for tag 450...
Could not map teams: LAR vs Cardinals
Fetching Kalshi markets for series KXNFLGAME...
Fetched 60 markets for series KXNFLGAME...
Fetching Polymarket events for tag 899...
Fetched 200 events for tag 100350...127.0.0.1 - - [03/Dec/2025 15:39:25] "GET /api/odds/all-sports HTTP/1.1" 200 -

Fetched 100 events for tag 899...
Fetched 300 events for tag 100350...
Fetched 200 events for tag 899...
Fetched 400 events for tag 100350...
Fetched 213 events for tag 899...
Fetching Kalshi markets for series KXNHLGAME...
Fetched 40 markets for series KXNHLGAME...
Fetching Polymarket events for tag 82...
Fetched 500 events for tag 100350...
Fetching Polymarket events for tag 102366...
Fetched 44 events for tag 82...
Fetching Polymarket events for tag 780...
Fetched 5 events for tag 102366...
Fetching Polymarket events for tag 100780...
Fetched 9 events for tag 100780...
Fetching Polymarket events for tag 101672...
Fetched 47 events for tag 780...
Fetching Polymarket events for tag 1494...
Fetched 6 events for tag 101672...
Fetching Polymarket events for tag 101673...
Fetching Polymarket events for tag 101674...
Fetching Polymarket events for tag 102367...
Fetched 40 events for tag 1494...
Fetching Polymarket events for tag 1234...
Fetching Polymarket events for tag 102368...
Fetched 77 events for tag 102368...
Fetching Polymarket events for tag 102369...
Fetched 4 events for tag 1234...
Fetching Polymarket events for tag 101787...
Fetching Polymarket events for tag 102370...
Fetched 1 events for tag 102370...
Fetching Polymarket events for tag 102371...
Fetched 36 events for tag 101787...
Fetching Kalshi markets for series KXSOCCER...
Fetching Polymarket events for tag 102372...
Fetching Kalshi markets for series KXEPLGAME...
Fetched 1 events for tag 102372...
Fetching Polymarket events for tag 102373...
Fetched 81 markets for series KXEPLGAME...
Fetching Kalshi markets for series KXUCLGAME...
Fetching Kalshi markets for series KXUELGAME...
Fetching Polymarket events for tag 102374...
Fetching Kalshi markets for series KXSOCCERGAME...
Fetching Polymarket events for tag 102375...
Fetching Polymarket events for tag 102376...
Fetching Polymarket events for tag 103000...
Fetching Polymarket events for tag 103001...
Total Polymarket games collected: 326
Fetching Kalshi markets for series KXNBAGAME...
Fetched 28 markets for series KXNBAGAME...
Fetching Kalshi markets for series KXNBA...
Successfully matched 71 games
✅ Requirements met: 71 matches, 22 arb opportunities
📊 Interim stats: 71 matched, 22 arbs, 21 tradable
Fetched 30 markets for series KXNBA...
Fetching Kalshi markets for series KXNFLGAME...
✅ Requirements met after 2 iterations: 71 matched, 22 arbs
Fetched 60 markets for series KXNFLGAME...
Fetching Kalshi markets for series KXNFL...
Fetching Kalshi markets for series KXNFLSPREAD...
Fetched 100 markets for series KXNFLSPREAD...
Fetched 200 markets for series KXNFLSPREAD...
Fetched 300 markets for series KXNFLSPREAD...
Fetched 400 markets for series KXNFLSPREAD...
Fetched 471 markets for series KXNFLSPREAD...
Fetching Kalshi markets for series KXNFLML...
Fetching Kalshi markets for series KXNHLGAME...
Fetched 40 markets for series KXNHLGAME...
Fetching Kalshi markets for series KXNHL...
Fetched 32 markets for series KXNHL...
Fetching Kalshi markets for series KXUHFH...
Fetching Kalshi markets for series KXSOCCER...
Fetching Kalshi markets for series KXEPLGAME...
Fetched 81 markets for series KXEPLGAME...
Fetching Kalshi markets for series KXUCLGAME...
Fetching Kalshi markets for series KXUELGAME...
Fetching Kalshi markets for series KXSOCCERGAME...
Fetching Kalshi markets for series KXLALIGA...
Fetched 20 markets for series KXLALIGA...
Fetching Kalshi markets for series KXFAWC...
Fetching Kalshi markets for series KXWNBA...
Fetching Kalshi markets for series KXWNFL...
Fetching Kalshi markets for series KXCOLLEGEFB...
Fetching Kalshi markets for series KXCOLLEGEBB...
Fetching Kalshi markets for series KXCOLLEGEHOOPS...
Fetching Kalshi markets for series KXCRICKET...
Fetching Kalshi markets for series KXRUGBY...
Fetching Kalshi markets for series KXTENNIS...
Fetching Kalshi markets for series KXGOLF...
Fetching Kalshi markets for series KXBOXING...
Fetched 2 markets for series KXBOXING...
Fetching Kalshi markets for series KXUFC...
Fetching Kalshi markets for series KXESPORTS...
Fetching Kalshi markets for series KXCS2...
Fetched 8 markets for series KXCS2...
Fetching Kalshi markets for series KXDOTA...
Fetching Kalshi markets for series KXVALORANT...
Found 326 Polymarket games and 14 Kalshi games
Successfully matched 14 games
⚠️ Requirements not met yet: 14/10 matches, 0/5 arbs
📊 Interim stats: 14 matched, 0 arbs, 0 tradable
🔍 Expanding dataset with priority sports feeds...
Fetching Polymarket events for tag 745...
Fetched 82 events for tag 745...
Fetching Kalshi markets for series KXNBAGAME...
Fetched 28 markets for series KXNBAGAME...
Fetching Polymarket events for tag 450...
Fetched 81 events for tag 450...
Could not map teams: LAR vs Cardinals
Fetching Kalshi markets for series KXNFLGAME...
Fetched 60 markets for series KXNFLGAME...
Fetching Polymarket events for tag 899...
Fetched 100 events for tag 899...
Fetched 200 events for tag 899...
Fetched 213 events for tag 899...
Fetching Kalshi markets for series KXNHLGAME...
Fetched 40 markets for series KXNHLGAME...
Fetching Polymarket events for tag 82...
Fetched 44 events for tag 82...
Fetching Polymarket events for tag 780...
Fetched 47 events for tag 780...
Fetching Polymarket events for tag 1494...
Fetched 40 events for tag 1494...
Fetching Polymarket events for tag 1234...
Fetched 4 events for tag 1234...
Fetching Polymarket events for tag 101787...
Fetched 36 events for tag 101787...
Fetching Kalshi markets for series KXSOCCER...
Fetching Kalshi markets for series KXEPLGAME...
Fetched 81 markets for series KXEPLGAME...
Fetching Kalshi markets for series KXUCLGAME...
Fetching Kalshi markets for series KXUELGAME...
Fetching Kalshi markets for series KXSOCCERGAME...
Successfully matched 71 games
✅ Requirements met: 71 matches, 22 arb opportunities
📊 Interim stats: 71 matched, 22 arbs, 21 tradable
✅ Requirements met after 2 iterations: 71 matched, 22 arbs
✅ Using 570 homepage_games from all_sports_data
Processing 570 games for arbitrage opportunities...
Games by sport (after dedup): {'SOCCER': 28, 'NHL': 192, 'OTHER': 275, 'NFL': 29, 'CS2': 9, 'DOTA2': 5, 'VALORANT': 6, 'LOL': 26}
Tradable markets (ROI>0 after fees): 22 / 570
Filtered markets (first 5): ['Titans@49ers[OTHER]', 'Titans@49ers[NFL]', 'Browns@Bears[OTHER]', 'Chargers@Chiefs[OTHER]', 'Jazz@Nets[OTHER]']
❌ No arb for Chelsea vs Everton (SOCCER): Market already traded (duplicate trade prevention)
❌ No arb for Liverpool vs Brighton & Hove Albion (SOCCER): Market already traded (duplicate trade prevention)
❌ No arb for Burnley vs Fulham (SOCCER): Market already traded (duplicate trade prevention)
❌ No arb for Sabres vs Jets (NHL): Market already traded (duplicate trade prevention)
❌ No arb for Everton vs Nottingham Forest (SOCCER): Market already traded (duplicate trade prevention)
📊 Checked 22 tradable games without execution. Reasons: {'Market already traded (duplicate trade prevention)': 21, 'ROI (0.43%) below threshold (5.0%)': 1}
Fetching comprehensive sports data...
Fetching Kalshi markets for series KXNBAGAME...
Fetched 28 markets for series KXNBAGAME...
Fetching Polymarket events for tag 64...
Fetched 61 events for tag 64...
Fetching Polymarket events for tag 65...
Fetched 27 events for tag 65...
Fetching Polymarket events for tag 450...
Fetched 81 events for tag 450...
Fetching Polymarket events for tag 745...
Fetched 82 events for tag 745...
Fetching Polymarket events for tag 899...
Fetched 100 events for tag 899...
Fetched 200 events for tag 899...
Fetched 213 events for tag 899...
Fetching Polymarket events for tag 100350...
Fetched 100 events for tag 100350...
Fetched 200 events for tag 100350...
Fetched 300 events for tag 100350...
Fetched 400 events for tag 100350...
Fetched 500 events for tag 100350...
Fetching Polymarket events for tag 102366...
Fetched 5 events for tag 102366...
Fetching Polymarket events for tag 100780...
Fetched 9 events for tag 100780...
Fetching Polymarket events for tag 101672...
Fetched 6 events for tag 101672...
Fetching Polymarket events for tag 101673...
Fetching Polymarket events for tag 101674...
Fetching Polymarket events for tag 102367...